info: ::1 - - [17/Mar/2022:11:01:22 +0000] "GET /api/v1/ HTTP/1.1" 200 9 "-" "Mozilla/5.0 (X11; Linux x86_64) AppleWebKit/537.36 (KHTML, like Gecko) Chrome/99.0.4844.74 Safari/537.36"

info: ::1 - - [17/Mar/2022:11:01:22 +0000] "GET /favicon.ico HTTP/1.1" 404 47 "-" "Mozilla/5.0 (X11; Linux x86_64) AppleWebKit/537.36 (KHTML, like Gecko) Chrome/99.0.4844.74 Safari/537.36"

info: ::1 - - [17/Mar/2022:11:01:31 +0000] "GET /api-docs HTTP/1.1" 301 183 "-" "Mozilla/5.0 (X11; Linux x86_64) AppleWebKit/537.36 (KHTML, like Gecko) Chrome/99.0.4844.74 Safari/537.36"

info: ::1 - - [17/Mar/2022:11:01:31 +0000] "GET /api-docs/ HTTP/1.1" 200 3102 "-" "Mozilla/5.0 (X11; Linux x86_64) AppleWebKit/537.36 (KHTML, like Gecko) Chrome/99.0.4844.74 Safari/537.36"

info: ::1 - - [17/Mar/2022:11:01:31 +0000] "GET /api-docs/swagger-ui.css HTTP/1.1" 200 143858 "-" "Mozilla/5.0 (X11; Linux x86_64) AppleWebKit/537.36 (KHTML, like Gecko) Chrome/99.0.4844.74 Safari/537.36"

info: ::1 - - [17/Mar/2022:11:01:31 +0000] "GET /api-docs/swagger-ui-init.js HTTP/1.1" 200 14712 "-" "Mozilla/5.0 (X11; Linux x86_64) AppleWebKit/537.36 (KHTML, like Gecko) Chrome/99.0.4844.74 Safari/537.36"

info: ::1 - - [17/Mar/2022:11:01:31 +0000] "GET /api-docs/swagger-ui-standalone-preset.js HTTP/1.1" 200 331274 "-" "Mozilla/5.0 (X11; Linux x86_64) AppleWebKit/537.36 (KHTML, like Gecko) Chrome/99.0.4844.74 Safari/537.36"

info: ::1 - - [17/Mar/2022:11:01:31 +0000] "GET /api-docs/swagger-ui-bundle.js HTTP/1.1" 200 1085790 "-" "Mozilla/5.0 (X11; Linux x86_64) AppleWebKit/537.36 (KHTML, like Gecko) Chrome/99.0.4844.74 Safari/537.36"

info: ::1 - - [17/Mar/2022:11:01:31 +0000] "GET /api-docs/favicon-32x32.png HTTP/1.1" 200 628 "-" "Mozilla/5.0 (X11; Linux x86_64) AppleWebKit/537.36 (KHTML, like Gecko) Chrome/99.0.4844.74 Safari/537.36"

info: ::ffff:127.0.0.1 - - [17/Mar/2022:11:34:13 +0000] "POST /api/v1/notes/addNote HTTP/1.1" 201 291 "-" "Thunder Client (https://www.thunderclient.com)"

info: ::1 - - [17/Mar/2022:11:35:07 +0000] "POST /api/v1/notes/addnote HTTP/1.1" 500 73 "-" "Mozilla/5.0 (X11; Linux x86_64) AppleWebKit/537.36 (KHTML, like Gecko) Chrome/99.0.4844.74 Safari/537.36"

info: ::1 - - [17/Mar/2022:11:36:08 +0000] "POST /api/v1/notes/addnote HTTP/1.1" 500 73 "-" "Mozilla/5.0 (X11; Linux x86_64) AppleWebKit/537.36 (KHTML, like Gecko) Chrome/99.0.4844.74 Safari/537.36"

info: ::1 - - [17/Mar/2022:11:36:10 +0000] "POST /api/v1/notes/addnote HTTP/1.1" 500 73 "-" "Mozilla/5.0 (X11; Linux x86_64) AppleWebKit/537.36 (KHTML, like Gecko) Chrome/99.0.4844.74 Safari/537.36"

info: ::1 - - [17/Mar/2022:11:36:10 +0000] "POST /api/v1/notes/addnote HTTP/1.1" 500 73 "-" "Mozilla/5.0 (X11; Linux x86_64) AppleWebKit/537.36 (KHTML, like Gecko) Chrome/99.0.4844.74 Safari/537.36"

info: ::1 - - [17/Mar/2022:11:36:25 +0000] "GET /api-docs/ HTTP/1.1" 304 - "-" "Mozilla/5.0 (X11; Linux x86_64) AppleWebKit/537.36 (KHTML, like Gecko) Chrome/99.0.4844.74 Safari/537.36"

info: ::1 - - [17/Mar/2022:11:36:25 +0000] "GET /api-docs/swagger-ui.css HTTP/1.1" 304 - "-" "Mozilla/5.0 (X11; Linux x86_64) AppleWebKit/537.36 (KHTML, like Gecko) Chrome/99.0.4844.74 Safari/537.36"

info: ::1 - - [17/Mar/2022:11:36:25 +0000] "GET /api-docs/swagger-ui-bundle.js HTTP/1.1" 304 - "-" "Mozilla/5.0 (X11; Linux x86_64) AppleWebKit/537.36 (KHTML, like Gecko) Chrome/99.0.4844.74 Safari/537.36"

info: ::1 - - [17/Mar/2022:11:36:25 +0000] "GET /api-docs/swagger-ui-init.js HTTP/1.1" 200 14704 "-" "Mozilla/5.0 (X11; Linux x86_64) AppleWebKit/537.36 (KHTML, like Gecko) Chrome/99.0.4844.74 Safari/537.36"

info: ::1 - - [17/Mar/2022:11:36:25 +0000] "GET /api-docs/swagger-ui-standalone-preset.js HTTP/1.1" 304 - "-" "Mozilla/5.0 (X11; Linux x86_64) AppleWebKit/537.36 (KHTML, like Gecko) Chrome/99.0.4844.74 Safari/537.36"

info: ::1 - - [17/Mar/2022:11:36:25 +0000] "GET /api-docs/favicon-32x32.png HTTP/1.1" 304 - "-" "Mozilla/5.0 (X11; Linux x86_64) AppleWebKit/537.36 (KHTML, like Gecko) Chrome/99.0.4844.74 Safari/537.36"

info: ::1 - - [17/Mar/2022:11:36:54 +0000] "POST /api/v1/notes/addnote HTTP/1.1" 500 73 "-" "Mozilla/5.0 (X11; Linux x86_64) AppleWebKit/537.36 (KHTML, like Gecko) Chrome/99.0.4844.74 Safari/537.36"

