info: Server started at http://localhost:3000/api/v1/ {"timestamp":"2022-03-04T02:55:20.973Z"}
info: Connected to the database. {"timestamp":"2022-03-04T02:55:20.987Z"}
error: 
    status - 500 
    message - TypeError: Cannot read property 'id' of undefined
    at _callee2$ (/home/dell/Desktop/nodeProjects/fundooBackend/src/controllers/note.controller.js:35:66)
    at tryCatch (/home/dell/Desktop/nodeProjects/fundooBackend/node_modules/regenerator-runtime/runtime.js:63:40)
    at Generator.invoke [as _invoke] (/home/dell/Desktop/nodeProjects/fundooBackend/node_modules/regenerator-runtime/runtime.js:294:22)
    at Generator.next (/home/dell/Desktop/nodeProjects/fundooBackend/node_modules/regenerator-runtime/runtime.js:119:21)
    at asyncGeneratorStep (/home/dell/Desktop/nodeProjects/fundooBackend/node_modules/@babel/runtime/helpers/asyncToGenerator.js:3:24)
    at _next (/home/dell/Desktop/nodeProjects/fundooBackend/node_modules/@babel/runtime/helpers/asyncToGenerator.js:25:9)
    at /home/dell/Desktop/nodeProjects/fundooBackend/node_modules/@babel/runtime/helpers/asyncToGenerator.js:32:7
    at new Promise (<anonymous>)
    at /home/dell/Desktop/nodeProjects/fundooBackend/node_modules/@babel/runtime/helpers/asyncToGenerator.js:21:12
    at getAllNotes (/home/dell/Desktop/nodeProjects/fundooBackend/src/controllers/note.controller.js:33:25) 
    url - /api/v1/notes/getAllNotes 
    method - GET 
    IP - ::1
   {"timestamp":"2022-03-04T02:58:25.708Z"}
info: Server started at http://localhost:3000/api/v1/ {"timestamp":"2022-03-04T02:59:42.485Z"}
info: Connected to the database. {"timestamp":"2022-03-04T02:59:42.499Z"}
error: 
    status - 500 
    message - TypeError: Cannot read property 'id' of undefined
    at _callee2$ (/home/dell/Desktop/nodeProjects/fundooBackend/src/controllers/note.controller.js:35:66)
    at tryCatch (/home/dell/Desktop/nodeProjects/fundooBackend/node_modules/regenerator-runtime/runtime.js:63:40)
    at Generator.invoke [as _invoke] (/home/dell/Desktop/nodeProjects/fundooBackend/node_modules/regenerator-runtime/runtime.js:294:22)
    at Generator.next (/home/dell/Desktop/nodeProjects/fundooBackend/node_modules/regenerator-runtime/runtime.js:119:21)
    at asyncGeneratorStep (/home/dell/Desktop/nodeProjects/fundooBackend/node_modules/@babel/runtime/helpers/asyncToGenerator.js:3:24)
    at _next (/home/dell/Desktop/nodeProjects/fundooBackend/node_modules/@babel/runtime/helpers/asyncToGenerator.js:25:9)
    at /home/dell/Desktop/nodeProjects/fundooBackend/node_modules/@babel/runtime/helpers/asyncToGenerator.js:32:7
    at new Promise (<anonymous>)
    at /home/dell/Desktop/nodeProjects/fundooBackend/node_modules/@babel/runtime/helpers/asyncToGenerator.js:21:12
    at getAllNotes (/home/dell/Desktop/nodeProjects/fundooBackend/src/controllers/note.controller.js:33:25) 
    url - /api/v1/notes/getAllNotes 
    method - GET 
    IP - ::1
   {"timestamp":"2022-03-04T03:00:36.438Z"}
info: Server started at http://localhost:3000/api/v1/ {"timestamp":"2022-03-04T03:04:50.556Z"}
info: Connected to the database. {"timestamp":"2022-03-04T03:04:50.571Z"}
error: 
    status - 500 
    message - TypeError: Cannot read property 'id' of undefined
    at _callee2$ (/home/dell/Desktop/nodeProjects/fundooBackend/src/controllers/note.controller.js:35:66)
    at tryCatch (/home/dell/Desktop/nodeProjects/fundooBackend/node_modules/regenerator-runtime/runtime.js:63:40)
    at Generator.invoke [as _invoke] (/home/dell/Desktop/nodeProjects/fundooBackend/node_modules/regenerator-runtime/runtime.js:294:22)
    at Generator.next (/home/dell/Desktop/nodeProjects/fundooBackend/node_modules/regenerator-runtime/runtime.js:119:21)
    at asyncGeneratorStep (/home/dell/Desktop/nodeProjects/fundooBackend/node_modules/@babel/runtime/helpers/asyncToGenerator.js:3:24)
    at _next (/home/dell/Desktop/nodeProjects/fundooBackend/node_modules/@babel/runtime/helpers/asyncToGenerator.js:25:9)
    at /home/dell/Desktop/nodeProjects/fundooBackend/node_modules/@babel/runtime/helpers/asyncToGenerator.js:32:7
    at new Promise (<anonymous>)
    at /home/dell/Desktop/nodeProjects/fundooBackend/node_modules/@babel/runtime/helpers/asyncToGenerator.js:21:12
    at getAllNotes (/home/dell/Desktop/nodeProjects/fundooBackend/src/controllers/note.controller.js:33:25) 
    url - /api/v1/notes/getAllNotes 
    method - GET 
    IP - ::1
   {"timestamp":"2022-03-04T03:05:24.823Z"}
info: Server started at http://localhost:3000/api/v1/ {"timestamp":"2022-03-04T03:05:52.880Z"}
info: Connected to the database. {"timestamp":"2022-03-04T03:05:52.893Z"}
error: 
    status - 500 
    message - TypeError: Cannot read property 'id' of undefined
    at _callee2$ (/home/dell/Desktop/nodeProjects/fundooBackend/src/controllers/note.controller.js:35:66)
    at tryCatch (/home/dell/Desktop/nodeProjects/fundooBackend/node_modules/regenerator-runtime/runtime.js:63:40)
    at Generator.invoke [as _invoke] (/home/dell/Desktop/nodeProjects/fundooBackend/node_modules/regenerator-runtime/runtime.js:294:22)
    at Generator.next (/home/dell/Desktop/nodeProjects/fundooBackend/node_modules/regenerator-runtime/runtime.js:119:21)
    at asyncGeneratorStep (/home/dell/Desktop/nodeProjects/fundooBackend/node_modules/@babel/runtime/helpers/asyncToGenerator.js:3:24)
    at _next (/home/dell/Desktop/nodeProjects/fundooBackend/node_modules/@babel/runtime/helpers/asyncToGenerator.js:25:9)
    at /home/dell/Desktop/nodeProjects/fundooBackend/node_modules/@babel/runtime/helpers/asyncToGenerator.js:32:7
    at new Promise (<anonymous>)
    at /home/dell/Desktop/nodeProjects/fundooBackend/node_modules/@babel/runtime/helpers/asyncToGenerator.js:21:12
    at getAllNotes (/home/dell/Desktop/nodeProjects/fundooBackend/src/controllers/note.controller.js:33:25) 
    url - /api/v1/notes/getAllNotes 
    method - GET 
    IP - ::1
   {"timestamp":"2022-03-04T03:06:00.423Z"}
error: 
    status - 500 
    message - TypeError: Cannot read property 'id' of undefined
    at _callee2$ (/home/dell/Desktop/nodeProjects/fundooBackend/src/controllers/note.controller.js:35:66)
    at tryCatch (/home/dell/Desktop/nodeProjects/fundooBackend/node_modules/regenerator-runtime/runtime.js:63:40)
    at Generator.invoke [as _invoke] (/home/dell/Desktop/nodeProjects/fundooBackend/node_modules/regenerator-runtime/runtime.js:294:22)
    at Generator.next (/home/dell/Desktop/nodeProjects/fundooBackend/node_modules/regenerator-runtime/runtime.js:119:21)
    at asyncGeneratorStep (/home/dell/Desktop/nodeProjects/fundooBackend/node_modules/@babel/runtime/helpers/asyncToGenerator.js:3:24)
    at _next (/home/dell/Desktop/nodeProjects/fundooBackend/node_modules/@babel/runtime/helpers/asyncToGenerator.js:25:9)
    at /home/dell/Desktop/nodeProjects/fundooBackend/node_modules/@babel/runtime/helpers/asyncToGenerator.js:32:7
    at new Promise (<anonymous>)
    at /home/dell/Desktop/nodeProjects/fundooBackend/node_modules/@babel/runtime/helpers/asyncToGenerator.js:21:12
    at getAllNotes (/home/dell/Desktop/nodeProjects/fundooBackend/src/controllers/note.controller.js:33:25) 
    url - /api/v1/notes/getAllNotes 
    method - GET 
    IP - ::1
   {"timestamp":"2022-03-04T03:06:02.579Z"}
info: Server started at http://localhost:3000/api/v1/ {"timestamp":"2022-03-04T03:13:08.619Z"}
info: Connected to the database. {"timestamp":"2022-03-04T03:13:08.633Z"}
error: 
    status - 500 
    message - TypeError: Cannot read property 'id' of undefined
    at _callee2$ (/home/dell/Desktop/nodeProjects/fundooBackend/src/controllers/note.controller.js:35:66)
    at tryCatch (/home/dell/Desktop/nodeProjects/fundooBackend/node_modules/regenerator-runtime/runtime.js:63:40)
    at Generator.invoke [as _invoke] (/home/dell/Desktop/nodeProjects/fundooBackend/node_modules/regenerator-runtime/runtime.js:294:22)
    at Generator.next (/home/dell/Desktop/nodeProjects/fundooBackend/node_modules/regenerator-runtime/runtime.js:119:21)
    at asyncGeneratorStep (/home/dell/Desktop/nodeProjects/fundooBackend/node_modules/@babel/runtime/helpers/asyncToGenerator.js:3:24)
    at _next (/home/dell/Desktop/nodeProjects/fundooBackend/node_modules/@babel/runtime/helpers/asyncToGenerator.js:25:9)
    at /home/dell/Desktop/nodeProjects/fundooBackend/node_modules/@babel/runtime/helpers/asyncToGenerator.js:32:7
    at new Promise (<anonymous>)
    at /home/dell/Desktop/nodeProjects/fundooBackend/node_modules/@babel/runtime/helpers/asyncToGenerator.js:21:12
    at getAllNotes (/home/dell/Desktop/nodeProjects/fundooBackend/src/controllers/note.controller.js:33:25) 
    url - /api/v1/notes/getAllNotes 
    method - GET 
    IP - ::ffff:127.0.0.1
   {"timestamp":"2022-03-04T03:13:14.096Z"}
error: 
    status - 500 
    message - TypeError: Cannot read property 'id' of undefined
    at _callee2$ (/home/dell/Desktop/nodeProjects/fundooBackend/src/controllers/note.controller.js:35:66)
    at tryCatch (/home/dell/Desktop/nodeProjects/fundooBackend/node_modules/regenerator-runtime/runtime.js:63:40)
    at Generator.invoke [as _invoke] (/home/dell/Desktop/nodeProjects/fundooBackend/node_modules/regenerator-runtime/runtime.js:294:22)
    at Generator.next (/home/dell/Desktop/nodeProjects/fundooBackend/node_modules/regenerator-runtime/runtime.js:119:21)
    at asyncGeneratorStep (/home/dell/Desktop/nodeProjects/fundooBackend/node_modules/@babel/runtime/helpers/asyncToGenerator.js:3:24)
    at _next (/home/dell/Desktop/nodeProjects/fundooBackend/node_modules/@babel/runtime/helpers/asyncToGenerator.js:25:9)
    at /home/dell/Desktop/nodeProjects/fundooBackend/node_modules/@babel/runtime/helpers/asyncToGenerator.js:32:7
    at new Promise (<anonymous>)
    at /home/dell/Desktop/nodeProjects/fundooBackend/node_modules/@babel/runtime/helpers/asyncToGenerator.js:21:12
    at getAllNotes (/home/dell/Desktop/nodeProjects/fundooBackend/src/controllers/note.controller.js:33:25) 
    url - /api/v1/notes/getAllNotes 
    method - GET 
    IP - ::ffff:127.0.0.1
   {"timestamp":"2022-03-04T03:13:18.629Z"}
info: Server started at http://localhost:3000/api/v1/ {"timestamp":"2022-03-04T03:14:05.410Z"}
info: Connected to the database. {"timestamp":"2022-03-04T03:14:05.424Z"}
info: Server started at http://localhost:3000/api/v1/ {"timestamp":"2022-03-04T03:14:17.709Z"}
info: Connected to the database. {"timestamp":"2022-03-04T03:14:17.724Z"}
error: 
    status - 500 
    message - TypeError: Cannot read property 'id' of undefined
    at _callee9$ (/home/dell/Desktop/nodeProjects/fundooBackend/src/controllers/note.controller.js:191:66)
    at tryCatch (/home/dell/Desktop/nodeProjects/fundooBackend/node_modules/regenerator-runtime/runtime.js:63:40)
    at Generator.invoke [as _invoke] (/home/dell/Desktop/nodeProjects/fundooBackend/node_modules/regenerator-runtime/runtime.js:294:22)
    at Generator.next (/home/dell/Desktop/nodeProjects/fundooBackend/node_modules/regenerator-runtime/runtime.js:119:21)
    at asyncGeneratorStep (/home/dell/Desktop/nodeProjects/fundooBackend/node_modules/@babel/runtime/helpers/asyncToGenerator.js:3:24)
    at _next (/home/dell/Desktop/nodeProjects/fundooBackend/node_modules/@babel/runtime/helpers/asyncToGenerator.js:25:9)
    at /home/dell/Desktop/nodeProjects/fundooBackend/node_modules/@babel/runtime/helpers/asyncToGenerator.js:32:7
    at new Promise (<anonymous>)
    at /home/dell/Desktop/nodeProjects/fundooBackend/node_modules/@babel/runtime/helpers/asyncToGenerator.js:21:12
    at getArchiveNotesList (/home/dell/Desktop/nodeProjects/fundooBackend/src/controllers/note.controller.js:189:33) 
    url - /api/v1/notes/getArchiveNotes 
    method - GET 
    IP - ::ffff:127.0.0.1
   {"timestamp":"2022-03-04T03:14:33.651Z"}
error: 
    status - 500 
    message - TypeError: Cannot read property 'id' of undefined
    at _callee9$ (/home/dell/Desktop/nodeProjects/fundooBackend/src/controllers/note.controller.js:191:66)
    at tryCatch (/home/dell/Desktop/nodeProjects/fundooBackend/node_modules/regenerator-runtime/runtime.js:63:40)
    at Generator.invoke [as _invoke] (/home/dell/Desktop/nodeProjects/fundooBackend/node_modules/regenerator-runtime/runtime.js:294:22)
    at Generator.next (/home/dell/Desktop/nodeProjects/fundooBackend/node_modules/regenerator-runtime/runtime.js:119:21)
    at asyncGeneratorStep (/home/dell/Desktop/nodeProjects/fundooBackend/node_modules/@babel/runtime/helpers/asyncToGenerator.js:3:24)
    at _next (/home/dell/Desktop/nodeProjects/fundooBackend/node_modules/@babel/runtime/helpers/asyncToGenerator.js:25:9)
    at /home/dell/Desktop/nodeProjects/fundooBackend/node_modules/@babel/runtime/helpers/asyncToGenerator.js:32:7
    at new Promise (<anonymous>)
    at /home/dell/Desktop/nodeProjects/fundooBackend/node_modules/@babel/runtime/helpers/asyncToGenerator.js:21:12
    at getArchiveNotesList (/home/dell/Desktop/nodeProjects/fundooBackend/src/controllers/note.controller.js:189:33) 
    url - /api/v1/notes/getArchiveNotes 
    method - GET 
    IP - ::ffff:127.0.0.1
   {"timestamp":"2022-03-04T03:14:38.043Z"}
error: 
    status - 500 
    message - TypeError: Cannot read property 'id' of undefined
    at _callee2$ (/home/dell/Desktop/nodeProjects/fundooBackend/src/controllers/note.controller.js:35:66)
    at tryCatch (/home/dell/Desktop/nodeProjects/fundooBackend/node_modules/regenerator-runtime/runtime.js:63:40)
    at Generator.invoke [as _invoke] (/home/dell/Desktop/nodeProjects/fundooBackend/node_modules/regenerator-runtime/runtime.js:294:22)
    at Generator.next (/home/dell/Desktop/nodeProjects/fundooBackend/node_modules/regenerator-runtime/runtime.js:119:21)
    at asyncGeneratorStep (/home/dell/Desktop/nodeProjects/fundooBackend/node_modules/@babel/runtime/helpers/asyncToGenerator.js:3:24)
    at _next (/home/dell/Desktop/nodeProjects/fundooBackend/node_modules/@babel/runtime/helpers/asyncToGenerator.js:25:9)
    at /home/dell/Desktop/nodeProjects/fundooBackend/node_modules/@babel/runtime/helpers/asyncToGenerator.js:32:7
    at new Promise (<anonymous>)
    at /home/dell/Desktop/nodeProjects/fundooBackend/node_modules/@babel/runtime/helpers/asyncToGenerator.js:21:12
    at getAllNotes (/home/dell/Desktop/nodeProjects/fundooBackend/src/controllers/note.controller.js:33:25) 
    url - /api/v1/notes/getAllNotes 
    method - GET 
    IP - ::1
   {"timestamp":"2022-03-04T03:15:33.292Z"}
info: Server started at http://localhost:3000/api/v1/ {"timestamp":"2022-03-04T03:18:55.568Z"}
info: Connected to the database. {"timestamp":"2022-03-04T03:18:55.582Z"}
info: Server started at http://localhost:3000/api/v1/ {"timestamp":"2022-03-04T03:19:32.556Z"}
info: Connected to the database. {"timestamp":"2022-03-04T03:19:32.570Z"}
info: Server started at http://localhost:3000/api/v1/ {"timestamp":"2022-03-04T03:22:26.957Z"}
info: Connected to the database. {"timestamp":"2022-03-04T03:22:26.973Z"}
info: Server started at http://localhost:3000/api/v1/ {"timestamp":"2022-03-04T04:26:51.038Z"}
info: Connected to the database. {"timestamp":"2022-03-04T04:26:51.051Z"}
error: 
    status - 500 
    message - TypeError: Cannot read property 'id' of undefined
    at _callee2$ (/home/dell/Desktop/nodeProjects/fundooBackend/src/controllers/note.controller.js:35:66)
    at tryCatch (/home/dell/Desktop/nodeProjects/fundooBackend/node_modules/regenerator-runtime/runtime.js:63:40)
    at Generator.invoke [as _invoke] (/home/dell/Desktop/nodeProjects/fundooBackend/node_modules/regenerator-runtime/runtime.js:294:22)
    at Generator.next (/home/dell/Desktop/nodeProjects/fundooBackend/node_modules/regenerator-runtime/runtime.js:119:21)
    at asyncGeneratorStep (/home/dell/Desktop/nodeProjects/fundooBackend/node_modules/@babel/runtime/helpers/asyncToGenerator.js:3:24)
    at _next (/home/dell/Desktop/nodeProjects/fundooBackend/node_modules/@babel/runtime/helpers/asyncToGenerator.js:25:9)
    at /home/dell/Desktop/nodeProjects/fundooBackend/node_modules/@babel/runtime/helpers/asyncToGenerator.js:32:7
    at new Promise (<anonymous>)
    at /home/dell/Desktop/nodeProjects/fundooBackend/node_modules/@babel/runtime/helpers/asyncToGenerator.js:21:12
    at getAllNotes (/home/dell/Desktop/nodeProjects/fundooBackend/src/controllers/note.controller.js:33:25) 
    url - /api/v1/notes/getAllNotes 
    method - GET 
    IP - ::1
   {"timestamp":"2022-03-04T04:27:28.074Z"}
info: Server started at http://localhost:3000/api/v1/ {"timestamp":"2022-03-04T04:28:15.555Z"}
info: Connected to the database. {"timestamp":"2022-03-04T04:28:15.569Z"}
info: Server started at http://localhost:3000/api/v1/ {"timestamp":"2022-03-04T05:26:51.528Z"}
info: Connected to the database. {"timestamp":"2022-03-04T05:26:51.540Z"}
info: Server started at http://localhost:3000/api/v1/ {"timestamp":"2022-03-04T06:00:44.937Z"}
info: Connected to the database. {"timestamp":"2022-03-04T06:00:44.953Z"}
info: Server started at http://localhost:3000/api/v1/ {"timestamp":"2022-03-04T06:01:25.444Z"}
info: Connected to the database. {"timestamp":"2022-03-04T06:01:29.167Z"}
info: Server started at http://localhost:3000/api/v1/ {"timestamp":"2022-03-04T06:02:50.348Z"}
info: Connected to the database. {"timestamp":"2022-03-04T06:02:50.362Z"}
info: Server started at http://localhost:3000/api/v1/ {"timestamp":"2022-03-04T06:04:19.806Z"}
info: Connected to the database. {"timestamp":"2022-03-04T06:04:19.820Z"}
info: Server started at http://localhost:3000/api/v1/ {"timestamp":"2022-03-04T06:15:40.356Z"}
info: Connected to the database. {"timestamp":"2022-03-04T06:15:40.370Z"}
info: Server started at http://localhost:3000/api/v1/ {"timestamp":"2022-03-04T06:16:10.592Z"}
info: Connected to the database. {"timestamp":"2022-03-04T06:16:10.605Z"}
info: Server started at http://localhost:3000/api/v1/ {"timestamp":"2022-03-04T06:21:43.846Z"}
info: Connected to the database. {"timestamp":"2022-03-04T06:21:43.860Z"}
info: Server started at http://localhost:3000/api/v1/ {"timestamp":"2022-03-04T06:31:45.755Z"}
info: Connected to the database. {"timestamp":"2022-03-04T06:31:45.769Z"}
info: Server started at http://localhost:3000/api/v1/ {"timestamp":"2022-03-04T06:32:40.166Z"}
info: Connected to the database. {"timestamp":"2022-03-04T06:32:40.179Z"}
info: Server started at http://localhost:3000/api/v1/ {"timestamp":"2022-03-04T06:33:17.626Z"}
info: Connected to the database. {"timestamp":"2022-03-04T06:33:17.639Z"}
info: Server started at http://localhost:3000/api/v1/ {"timestamp":"2022-03-04T06:34:41.046Z"}
info: Connected to the database. {"timestamp":"2022-03-04T06:34:41.059Z"}
error: 
    status - 500 
    message - Error: User not found, Please register.
    at _callee3$ (/home/dell/Desktop/nodeProjects/fundooBackend/src/services/user.service.js:32:11)
    at tryCatch (/home/dell/Desktop/nodeProjects/fundooBackend/node_modules/regenerator-runtime/runtime.js:63:40)
    at Generator.invoke [as _invoke] (/home/dell/Desktop/nodeProjects/fundooBackend/node_modules/regenerator-runtime/runtime.js:294:22)
    at Generator.next (/home/dell/Desktop/nodeProjects/fundooBackend/node_modules/regenerator-runtime/runtime.js:119:21)
    at asyncGeneratorStep (/home/dell/Desktop/nodeProjects/fundooBackend/node_modules/@babel/runtime/helpers/asyncToGenerator.js:3:24)
    at _next (/home/dell/Desktop/nodeProjects/fundooBackend/node_modules/@babel/runtime/helpers/asyncToGenerator.js:25:9)
    at processTicksAndRejections (internal/process/task_queues.js:95:5) 
    url - /api/v1/users/login 
    method - POST 
    IP - ::ffff:127.0.0.1
   {"timestamp":"2022-03-04T06:34:41.152Z"}
info: Server started at http://localhost:3000/api/v1/ {"timestamp":"2022-03-04T06:36:18.438Z"}
info: Connected to the database. {"timestamp":"2022-03-04T06:36:18.451Z"}
error: 
    status - 500 
    message - Error: User not found, Please register.
    at _callee3$ (/home/dell/Desktop/nodeProjects/fundooBackend/src/services/user.service.js:32:11)
    at tryCatch (/home/dell/Desktop/nodeProjects/fundooBackend/node_modules/regenerator-runtime/runtime.js:63:40)
    at Generator.invoke [as _invoke] (/home/dell/Desktop/nodeProjects/fundooBackend/node_modules/regenerator-runtime/runtime.js:294:22)
    at Generator.next (/home/dell/Desktop/nodeProjects/fundooBackend/node_modules/regenerator-runtime/runtime.js:119:21)
    at asyncGeneratorStep (/home/dell/Desktop/nodeProjects/fundooBackend/node_modules/@babel/runtime/helpers/asyncToGenerator.js:3:24)
    at _next (/home/dell/Desktop/nodeProjects/fundooBackend/node_modules/@babel/runtime/helpers/asyncToGenerator.js:25:9)
    at processTicksAndRejections (internal/process/task_queues.js:95:5) 
    url - /api/v1/users/login 
    method - POST 
    IP - ::ffff:127.0.0.1
   {"timestamp":"2022-03-04T06:36:18.544Z"}
info: Server started at http://localhost:3000/api/v1/ {"timestamp":"2022-03-04T06:36:57.236Z"}
info: Connected to the database. {"timestamp":"2022-03-04T06:36:57.249Z"}
error: 
    status - 500 
    message - Error: User not found, Please register.
    at _callee3$ (/home/dell/Desktop/nodeProjects/fundooBackend/src/services/user.service.js:32:11)
    at tryCatch (/home/dell/Desktop/nodeProjects/fundooBackend/node_modules/regenerator-runtime/runtime.js:63:40)
    at Generator.invoke [as _invoke] (/home/dell/Desktop/nodeProjects/fundooBackend/node_modules/regenerator-runtime/runtime.js:294:22)
    at Generator.next (/home/dell/Desktop/nodeProjects/fundooBackend/node_modules/regenerator-runtime/runtime.js:119:21)
    at asyncGeneratorStep (/home/dell/Desktop/nodeProjects/fundooBackend/node_modules/@babel/runtime/helpers/asyncToGenerator.js:3:24)
    at _next (/home/dell/Desktop/nodeProjects/fundooBackend/node_modules/@babel/runtime/helpers/asyncToGenerator.js:25:9)
    at processTicksAndRejections (internal/process/task_queues.js:95:5) 
    url - /api/v1/users/login 
    method - POST 
    IP - ::ffff:127.0.0.1
   {"timestamp":"2022-03-04T06:36:57.345Z"}
info: Server started at http://localhost:3000/api/v1/ {"timestamp":"2022-03-04T06:37:48.715Z"}
info: Connected to the database. {"timestamp":"2022-03-04T06:37:48.729Z"}
info: Server started at http://localhost:3000/api/v1/ {"timestamp":"2022-03-04T06:42:45.633Z"}
info: Connected to the database. {"timestamp":"2022-03-04T06:42:45.648Z"}
info: Server started at http://localhost:3000/api/v1/ {"timestamp":"2022-03-04T07:52:02.223Z"}
info: Connected to the database. {"timestamp":"2022-03-04T07:52:02.237Z"}
info: Server started at http://localhost:3000/api/v1/ {"timestamp":"2022-03-04T07:53:27.911Z"}
info: Connected to the database. {"timestamp":"2022-03-04T07:53:27.924Z"}
info: Server started at http://localhost:3000/api/v1/ {"timestamp":"2022-03-04T07:54:16.811Z"}
info: Connected to the database. {"timestamp":"2022-03-04T07:54:16.828Z"}
info: Server started at http://localhost:3000/api/v1/ {"timestamp":"2022-03-04T12:12:09.222Z"}
info: Connected to the database. {"timestamp":"2022-03-04T12:12:09.238Z"}
info: undefined {"accepted":["nityashree2508@gmail.com"],"envelope":{"from":"nityac2508@gmail.com","to":["nityashree2508@gmail.com"]},"envelopeTime":1124,"messageId":"<6da94c57-e604-1f69-544a-5b957c003985@gmail.com>","messageSize":628,"messageTime":993,"rejected":[],"response":"250 2.0.0 OK  1646395932 t190-20020a632dc7000000b003759f87f38csm4425147pgt.17 - gsmtp","timestamp":"2022-03-04T12:12:12.830Z"}
info: Server started at http://localhost:3000/api/v1/ {"timestamp":"2022-03-04T12:22:41.703Z"}
info: Connected to the database. {"timestamp":"2022-03-04T12:22:41.722Z"}
info: undefined {"accepted":["nityashree2508@gmail.com"],"envelope":{"from":"nityac2508@gmail.com","to":["nityashree2508@gmail.com"]},"envelopeTime":1120,"messageId":"<25053085-5f77-e678-4139-061b285a05fe@gmail.com>","messageSize":628,"messageTime":1243,"rejected":[],"response":"250 2.0.0 OK  1646396565 n34-20020a056a000d6200b004e1ba1016absm5876919pfv.31 - gsmtp","timestamp":"2022-03-04T12:22:45.535Z"}
info: Server started at http://localhost:3000/api/v1/ {"timestamp":"2022-03-04T12:23:09.506Z"}
info: Connected to the database. {"timestamp":"2022-03-04T12:23:09.521Z"}
info: undefined {"accepted":["nityashree2508@gmail.com"],"envelope":{"from":"nityac2508@gmail.com","to":["nityashree2508@gmail.com"]},"envelopeTime":986,"messageId":"<f95decdc-e541-3e3d-e516-c0e0d5f6e233@gmail.com>","messageSize":628,"messageTime":1138,"rejected":[],"response":"250 2.0.0 OK  1646396592 w5-20020a056a0014c500b004f3a5535431sm6368624pfu.4 - gsmtp","timestamp":"2022-03-04T12:23:12.999Z"}
info: Server started at http://localhost:3000/api/v1/ {"timestamp":"2022-03-04T12:24:03.720Z"}
info: Connected to the database. {"timestamp":"2022-03-04T12:24:03.737Z"}
info: undefined {"accepted":["nityashree2508@gmail.com"],"envelope":{"from":"nityac2508@gmail.com","to":["nityashree2508@gmail.com"]},"envelopeTime":989,"messageId":"<32787691-5f3b-05b5-2293-c6d6e1998fd4@gmail.com>","messageSize":628,"messageTime":1127,"rejected":[],"response":"250 2.0.0 OK  1646396647 d4-20020aa78e44000000b004f6aaa184c9sm2984533pfr.71 - gsmtp","timestamp":"2022-03-04T12:24:07.416Z"}
info: Server started at http://localhost:3000/api/v1/ {"timestamp":"2022-03-04T12:28:50.166Z"}
info: Connected to the database. {"timestamp":"2022-03-04T12:28:50.180Z"}
info: Server started at http://localhost:3000/api/v1/ {"timestamp":"2022-03-04T12:30:31.397Z"}
info: Connected to the database. {"timestamp":"2022-03-04T12:30:31.412Z"}
error: 
    status - 500 
    message - Error: User already registered
    at _callee2$ (/home/dell/Desktop/nodeProjects/fundooBackend/src/services/user.service.js:23:11)
    at tryCatch (/home/dell/Desktop/nodeProjects/fundooBackend/node_modules/regenerator-runtime/runtime.js:63:40)
    at Generator.invoke [as _invoke] (/home/dell/Desktop/nodeProjects/fundooBackend/node_modules/regenerator-runtime/runtime.js:294:22)
    at Generator.next (/home/dell/Desktop/nodeProjects/fundooBackend/node_modules/regenerator-runtime/runtime.js:119:21)
    at asyncGeneratorStep (/home/dell/Desktop/nodeProjects/fundooBackend/node_modules/@babel/runtime/helpers/asyncToGenerator.js:3:24)
    at _next (/home/dell/Desktop/nodeProjects/fundooBackend/node_modules/@babel/runtime/helpers/asyncToGenerator.js:25:9)
    at processTicksAndRejections (internal/process/task_queues.js:95:5) 
    url - /api/v1/users/register 
    method - POST 
    IP - ::ffff:127.0.0.1
   {"timestamp":"2022-03-04T12:30:31.528Z"}
info: Server started at http://localhost:3000/api/v1/ {"timestamp":"2022-03-04T12:33:42.431Z"}
info: Connected to the database. {"timestamp":"2022-03-04T12:33:42.446Z"}
error: 
    status - 500 
    message - Error: User already registered
    at _callee2$ (/home/dell/Desktop/nodeProjects/fundooBackend/src/services/user.service.js:23:11)
    at tryCatch (/home/dell/Desktop/nodeProjects/fundooBackend/node_modules/regenerator-runtime/runtime.js:63:40)
    at Generator.invoke [as _invoke] (/home/dell/Desktop/nodeProjects/fundooBackend/node_modules/regenerator-runtime/runtime.js:294:22)
    at Generator.next (/home/dell/Desktop/nodeProjects/fundooBackend/node_modules/regenerator-runtime/runtime.js:119:21)
    at asyncGeneratorStep (/home/dell/Desktop/nodeProjects/fundooBackend/node_modules/@babel/runtime/helpers/asyncToGenerator.js:3:24)
    at _next (/home/dell/Desktop/nodeProjects/fundooBackend/node_modules/@babel/runtime/helpers/asyncToGenerator.js:25:9)
    at processTicksAndRejections (internal/process/task_queues.js:95:5) 
    url - /api/v1/users/register 
    method - POST 
    IP - ::ffff:127.0.0.1
   {"timestamp":"2022-03-04T12:33:42.552Z"}
