info: Server started at http://localhost:3000/api/v1/ {"timestamp":"2022-03-09T02:31:35.145Z"}
info: Connected to the database. {"timestamp":"2022-03-09T02:31:35.164Z"}
info: Server started at http://localhost:3000/api/v1/ {"timestamp":"2022-03-09T03:13:37.087Z"}
info: Connected to the database. {"timestamp":"2022-03-09T03:13:37.114Z"}
error: 
    status - 500 
    message - TypeError: (0 , _rabbitmq.default) is not a function
    at _callee2$ (/home/dell/Desktop/nodeProjects/fundooBackend/src/services/user.service.js:22:3)
    at tryCatch (/home/dell/Desktop/nodeProjects/fundooBackend/node_modules/regenerator-runtime/runtime.js:63:40)
    at Generator.invoke [as _invoke] (/home/dell/Desktop/nodeProjects/fundooBackend/node_modules/regenerator-runtime/runtime.js:294:22)
    at Generator.next (/home/dell/Desktop/nodeProjects/fundooBackend/node_modules/regenerator-runtime/runtime.js:119:21)
    at asyncGeneratorStep (/home/dell/Desktop/nodeProjects/fundooBackend/node_modules/@babel/runtime/helpers/asyncToGenerator.js:3:24)
    at _next (/home/dell/Desktop/nodeProjects/fundooBackend/node_modules/@babel/runtime/helpers/asyncToGenerator.js:25:9)
    at processTicksAndRejections (internal/process/task_queues.js:95:5) 
    url - /api/v1/users/register 
    method - POST 
    IP - ::ffff:127.0.0.1
   {"timestamp":"2022-03-09T03:15:38.710Z"}
info: Server started at http://localhost:3000/api/v1/ {"timestamp":"2022-03-09T03:18:22.262Z"}
info: Connected to the database. {"timestamp":"2022-03-09T03:18:22.288Z"}
error: 
    status - 500 
    message - Error: User already registered
    at _callee2$ (/home/dell/Desktop/nodeProjects/fundooBackend/src/services/user.service.js:25:11)
    at tryCatch (/home/dell/Desktop/nodeProjects/fundooBackend/node_modules/regenerator-runtime/runtime.js:63:40)
    at Generator.invoke [as _invoke] (/home/dell/Desktop/nodeProjects/fundooBackend/node_modules/regenerator-runtime/runtime.js:294:22)
    at Generator.next (/home/dell/Desktop/nodeProjects/fundooBackend/node_modules/regenerator-runtime/runtime.js:119:21)
    at asyncGeneratorStep (/home/dell/Desktop/nodeProjects/fundooBackend/node_modules/@babel/runtime/helpers/asyncToGenerator.js:3:24)
    at _next (/home/dell/Desktop/nodeProjects/fundooBackend/node_modules/@babel/runtime/helpers/asyncToGenerator.js:25:9)
    at processTicksAndRejections (internal/process/task_queues.js:95:5) 
    url - /api/v1/users/register 
    method - POST 
    IP - ::ffff:127.0.0.1
   {"timestamp":"2022-03-09T03:18:36.979Z"}
error: 
    status - 500 
    message - TypeError: (0 , _rabbitmq.default) is not a function
    at _callee2$ (/home/dell/Desktop/nodeProjects/fundooBackend/src/services/user.service.js:22:3)
    at tryCatch (/home/dell/Desktop/nodeProjects/fundooBackend/node_modules/regenerator-runtime/runtime.js:63:40)
    at Generator.invoke [as _invoke] (/home/dell/Desktop/nodeProjects/fundooBackend/node_modules/regenerator-runtime/runtime.js:294:22)
    at Generator.next (/home/dell/Desktop/nodeProjects/fundooBackend/node_modules/regenerator-runtime/runtime.js:119:21)
    at asyncGeneratorStep (/home/dell/Desktop/nodeProjects/fundooBackend/node_modules/@babel/runtime/helpers/asyncToGenerator.js:3:24)
    at _next (/home/dell/Desktop/nodeProjects/fundooBackend/node_modules/@babel/runtime/helpers/asyncToGenerator.js:25:9)
    at processTicksAndRejections (internal/process/task_queues.js:95:5) 
    url - /api/v1/users/register 
    method - POST 
    IP - ::ffff:127.0.0.1
   {"timestamp":"2022-03-09T03:18:48.295Z"}
info: Server started at http://localhost:3000/api/v1/ {"timestamp":"2022-03-09T03:21:24.947Z"}
info: Connected to the database. {"timestamp":"2022-03-09T03:21:24.968Z"}
error: 
    status - 500 
    message - TypeError: (0 , _rabbitmq.default) is not a function
    at _callee2$ (/home/dell/Desktop/nodeProjects/fundooBackend/src/services/user.service.js:22:3)
    at tryCatch (/home/dell/Desktop/nodeProjects/fundooBackend/node_modules/regenerator-runtime/runtime.js:63:40)
    at Generator.invoke [as _invoke] (/home/dell/Desktop/nodeProjects/fundooBackend/node_modules/regenerator-runtime/runtime.js:294:22)
    at Generator.next (/home/dell/Desktop/nodeProjects/fundooBackend/node_modules/regenerator-runtime/runtime.js:119:21)
    at asyncGeneratorStep (/home/dell/Desktop/nodeProjects/fundooBackend/node_modules/@babel/runtime/helpers/asyncToGenerator.js:3:24)
    at _next (/home/dell/Desktop/nodeProjects/fundooBackend/node_modules/@babel/runtime/helpers/asyncToGenerator.js:25:9)
    at processTicksAndRejections (internal/process/task_queues.js:95:5) 
    url - /api/v1/users/register 
    method - POST 
    IP - ::ffff:127.0.0.1
   {"timestamp":"2022-03-09T03:22:38.484Z"}
info: Server started at http://localhost:3000/api/v1/ {"timestamp":"2022-03-09T03:27:55.058Z"}
info: Connected to the database. {"timestamp":"2022-03-09T03:27:55.080Z"}
error: 
    status - 500 
    message - TypeError: (0 , _rabbitmq.default) is not a function
    at _callee2$ (/home/dell/Desktop/nodeProjects/fundooBackend/src/services/user.service.js:22:3)
    at tryCatch (/home/dell/Desktop/nodeProjects/fundooBackend/node_modules/regenerator-runtime/runtime.js:63:40)
    at Generator.invoke [as _invoke] (/home/dell/Desktop/nodeProjects/fundooBackend/node_modules/regenerator-runtime/runtime.js:294:22)
    at Generator.next (/home/dell/Desktop/nodeProjects/fundooBackend/node_modules/regenerator-runtime/runtime.js:119:21)
    at asyncGeneratorStep (/home/dell/Desktop/nodeProjects/fundooBackend/node_modules/@babel/runtime/helpers/asyncToGenerator.js:3:24)
    at _next (/home/dell/Desktop/nodeProjects/fundooBackend/node_modules/@babel/runtime/helpers/asyncToGenerator.js:25:9)
    at processTicksAndRejections (internal/process/task_queues.js:95:5) 
    url - /api/v1/users/register 
    method - POST 
    IP - ::ffff:127.0.0.1
   {"timestamp":"2022-03-09T03:28:09.222Z"}
info: Server started at http://localhost:3000/api/v1/ {"timestamp":"2022-03-09T03:31:09.496Z"}
info: Connected to the database. {"timestamp":"2022-03-09T03:31:09.521Z"}
info: Server started at http://localhost:3000/api/v1/ {"timestamp":"2022-03-09T03:32:31.050Z"}
info: Connected to the database. {"timestamp":"2022-03-09T03:32:31.082Z"}
error: 
    status - 500 
    message - TypeError: (0 , _rabbitmq.default) is not a function
    at _callee2$ (/home/dell/Desktop/nodeProjects/fundooBackend/src/services/user.service.js:22:3)
    at tryCatch (/home/dell/Desktop/nodeProjects/fundooBackend/node_modules/regenerator-runtime/runtime.js:63:40)
    at Generator.invoke [as _invoke] (/home/dell/Desktop/nodeProjects/fundooBackend/node_modules/regenerator-runtime/runtime.js:294:22)
    at Generator.next (/home/dell/Desktop/nodeProjects/fundooBackend/node_modules/regenerator-runtime/runtime.js:119:21)
    at asyncGeneratorStep (/home/dell/Desktop/nodeProjects/fundooBackend/node_modules/@babel/runtime/helpers/asyncToGenerator.js:3:24)
    at _next (/home/dell/Desktop/nodeProjects/fundooBackend/node_modules/@babel/runtime/helpers/asyncToGenerator.js:25:9)
    at processTicksAndRejections (internal/process/task_queues.js:95:5) 
    url - /api/v1/users/register 
    method - POST 
    IP - ::ffff:127.0.0.1
   {"timestamp":"2022-03-09T03:32:54.820Z"}
info: Server started at http://localhost:3000/api/v1/ {"timestamp":"2022-03-09T03:35:16.948Z"}
info: Connected to the database. {"timestamp":"2022-03-09T03:35:16.971Z"}
info: Server started at http://localhost:3000/api/v1/ {"timestamp":"2022-03-09T03:36:10.198Z"}
info: Connected to the database. {"timestamp":"2022-03-09T03:36:10.229Z"}
error: 
    status - 500 
    message - TypeError: (0 , _rabbitmq.default) is not a function
    at _callee2$ (/home/dell/Desktop/nodeProjects/fundooBackend/src/services/user.service.js:22:3)
    at tryCatch (/home/dell/Desktop/nodeProjects/fundooBackend/node_modules/regenerator-runtime/runtime.js:63:40)
    at Generator.invoke [as _invoke] (/home/dell/Desktop/nodeProjects/fundooBackend/node_modules/regenerator-runtime/runtime.js:294:22)
    at Generator.next (/home/dell/Desktop/nodeProjects/fundooBackend/node_modules/regenerator-runtime/runtime.js:119:21)
    at asyncGeneratorStep (/home/dell/Desktop/nodeProjects/fundooBackend/node_modules/@babel/runtime/helpers/asyncToGenerator.js:3:24)
    at _next (/home/dell/Desktop/nodeProjects/fundooBackend/node_modules/@babel/runtime/helpers/asyncToGenerator.js:25:9)
    at processTicksAndRejections (internal/process/task_queues.js:95:5) 
    url - /api/v1/users/register 
    method - POST 
    IP - ::ffff:127.0.0.1
   {"timestamp":"2022-03-09T03:36:21.151Z"}
info: Server started at http://localhost:3000/api/v1/ {"timestamp":"2022-03-09T03:37:54.096Z"}
info: Connected to the database. {"timestamp":"2022-03-09T03:37:54.123Z"}
error: 
    status - 500 
    message - TypeError: (0 , _rabbitmq.default) is not a function
    at _callee2$ (/home/dell/Desktop/nodeProjects/fundooBackend/src/services/user.service.js:22:3)
    at tryCatch (/home/dell/Desktop/nodeProjects/fundooBackend/node_modules/regenerator-runtime/runtime.js:63:40)
    at Generator.invoke [as _invoke] (/home/dell/Desktop/nodeProjects/fundooBackend/node_modules/regenerator-runtime/runtime.js:294:22)
    at Generator.next (/home/dell/Desktop/nodeProjects/fundooBackend/node_modules/regenerator-runtime/runtime.js:119:21)
    at asyncGeneratorStep (/home/dell/Desktop/nodeProjects/fundooBackend/node_modules/@babel/runtime/helpers/asyncToGenerator.js:3:24)
    at _next (/home/dell/Desktop/nodeProjects/fundooBackend/node_modules/@babel/runtime/helpers/asyncToGenerator.js:25:9)
    at processTicksAndRejections (internal/process/task_queues.js:95:5) 
    url - /api/v1/users/register 
    method - POST 
    IP - ::ffff:127.0.0.1
   {"timestamp":"2022-03-09T03:38:10.223Z"}
info: Server started at http://localhost:3000/api/v1/ {"timestamp":"2022-03-09T03:39:55.443Z"}
info: Connected to the database. {"timestamp":"2022-03-09T03:39:55.461Z"}
error: 
    status - 500 
    message - TypeError: (0 , _rabbitmq.default) is not a function
    at _callee2$ (/home/dell/Desktop/nodeProjects/fundooBackend/src/services/user.service.js:22:3)
    at tryCatch (/home/dell/Desktop/nodeProjects/fundooBackend/node_modules/regenerator-runtime/runtime.js:63:40)
    at Generator.invoke [as _invoke] (/home/dell/Desktop/nodeProjects/fundooBackend/node_modules/regenerator-runtime/runtime.js:294:22)
    at Generator.next (/home/dell/Desktop/nodeProjects/fundooBackend/node_modules/regenerator-runtime/runtime.js:119:21)
    at asyncGeneratorStep (/home/dell/Desktop/nodeProjects/fundooBackend/node_modules/@babel/runtime/helpers/asyncToGenerator.js:3:24)
    at _next (/home/dell/Desktop/nodeProjects/fundooBackend/node_modules/@babel/runtime/helpers/asyncToGenerator.js:25:9)
    at processTicksAndRejections (internal/process/task_queues.js:95:5) 
    url - /api/v1/users/register 
    method - POST 
    IP - ::ffff:127.0.0.1
   {"timestamp":"2022-03-09T03:40:11.839Z"}
error: 
    status - 500 
    message - Error: User already registered
    at _callee2$ (/home/dell/Desktop/nodeProjects/fundooBackend/src/services/user.service.js:25:11)
    at tryCatch (/home/dell/Desktop/nodeProjects/fundooBackend/node_modules/regenerator-runtime/runtime.js:63:40)
    at Generator.invoke [as _invoke] (/home/dell/Desktop/nodeProjects/fundooBackend/node_modules/regenerator-runtime/runtime.js:294:22)
    at Generator.next (/home/dell/Desktop/nodeProjects/fundooBackend/node_modules/regenerator-runtime/runtime.js:119:21)
    at asyncGeneratorStep (/home/dell/Desktop/nodeProjects/fundooBackend/node_modules/@babel/runtime/helpers/asyncToGenerator.js:3:24)
    at _next (/home/dell/Desktop/nodeProjects/fundooBackend/node_modules/@babel/runtime/helpers/asyncToGenerator.js:25:9)
    at processTicksAndRejections (internal/process/task_queues.js:95:5) 
    url - /api/v1/users/register 
    method - POST 
    IP - ::ffff:127.0.0.1
   {"timestamp":"2022-03-09T03:40:15.199Z"}
info: Server started at http://localhost:3000/api/v1/ {"timestamp":"2022-03-09T03:41:53.924Z"}
info: Connected to the database. {"timestamp":"2022-03-09T03:41:53.949Z"}
error: 
    status - 500 
    message - TypeError: (0 , _rabbitmq.default) is not a function
    at _callee2$ (/home/dell/Desktop/nodeProjects/fundooBackend/src/services/user.service.js:22:3)
    at tryCatch (/home/dell/Desktop/nodeProjects/fundooBackend/node_modules/regenerator-runtime/runtime.js:63:40)
    at Generator.invoke [as _invoke] (/home/dell/Desktop/nodeProjects/fundooBackend/node_modules/regenerator-runtime/runtime.js:294:22)
    at Generator.next (/home/dell/Desktop/nodeProjects/fundooBackend/node_modules/regenerator-runtime/runtime.js:119:21)
    at asyncGeneratorStep (/home/dell/Desktop/nodeProjects/fundooBackend/node_modules/@babel/runtime/helpers/asyncToGenerator.js:3:24)
    at _next (/home/dell/Desktop/nodeProjects/fundooBackend/node_modules/@babel/runtime/helpers/asyncToGenerator.js:25:9)
    at processTicksAndRejections (internal/process/task_queues.js:95:5) 
    url - /api/v1/users/register 
    method - POST 
    IP - ::ffff:127.0.0.1
   {"timestamp":"2022-03-09T03:42:09.224Z"}
info: Server started at http://localhost:3000/api/v1/ {"timestamp":"2022-03-09T03:42:21.679Z"}
info: Connected to the database. {"timestamp":"2022-03-09T03:42:21.702Z"}
info: Server started at http://localhost:3000/api/v1/ {"timestamp":"2022-03-09T03:42:31.289Z"}
info: Connected to the database. {"timestamp":"2022-03-09T03:42:31.312Z"}
info: Server started at http://localhost:3000/api/v1/ {"timestamp":"2022-03-09T03:43:28.041Z"}
info: Connected to the database. {"timestamp":"2022-03-09T03:43:28.068Z"}
info: Server started at http://localhost:3000/api/v1/ {"timestamp":"2022-03-09T03:49:29.027Z"}
info: Connected to the database. {"timestamp":"2022-03-09T03:49:29.059Z"}
info: Server started at http://localhost:3000/api/v1/ {"timestamp":"2022-03-09T03:51:37.480Z"}
info: Connected to the database. {"timestamp":"2022-03-09T03:51:37.507Z"}
info: Server started at http://localhost:3000/api/v1/ {"timestamp":"2022-03-09T05:20:44.687Z"}
info: Connected to the database. {"timestamp":"2022-03-09T05:20:44.711Z"}
info: Server started at http://localhost:3000/api/v1/ {"timestamp":"2022-03-09T05:21:50.531Z"}
info: Connected to the database. {"timestamp":"2022-03-09T05:21:50.555Z"}
info: Server started at http://localhost:3000/api/v1/ {"timestamp":"2022-03-09T05:22:59.318Z"}
info: Connected to the database. {"timestamp":"2022-03-09T05:22:59.347Z"}
info: Server started at http://localhost:3000/api/v1/ {"timestamp":"2022-03-09T05:27:00.218Z"}
info: Connected to the database. {"timestamp":"2022-03-09T05:27:00.240Z"}
info: Server started at http://localhost:3000/api/v1/ {"timestamp":"2022-03-09T05:29:27.272Z"}
info: Connected to the database. {"timestamp":"2022-03-09T05:29:27.300Z"}
info: Server started at http://localhost:3000/api/v1/ {"timestamp":"2022-03-09T06:22:36.001Z"}
info: Connected to the database. {"timestamp":"2022-03-09T06:22:36.025Z"}
info: Server started at http://localhost:3000/api/v1/ {"timestamp":"2022-03-09T06:26:12.468Z"}
info: Connected to the database. {"timestamp":"2022-03-09T06:26:12.488Z"}
info: Server started at http://localhost:3000/api/v1/ {"timestamp":"2022-03-09T06:27:31.784Z"}
info: Connected to the database. {"timestamp":"2022-03-09T06:27:31.803Z"}
info: undefined {"accepted":["hemachandrapp5@gmail.com"],"envelope":{"from":"nityac2508@gmail.com","to":["hemachandrapp5@gmail.com"]},"envelopeTime":1678,"messageId":"<ab09b81f-5100-e882-7184-d2854fdb897c@gmail.com>","messageSize":368,"messageTime":981,"rejected":[],"response":"250 2.0.0 OK  1646807275 h2-20020a056a00218200b004f66d50f054sm1305180pfi.158 - gsmtp","timestamp":"2022-03-09T06:27:55.109Z"}
info: undefined {"accepted":["hemachandrappa5@gmail.com"],"envelope":{"from":"nityac2508@gmail.com","to":["hemachandrappa5@gmail.com"]},"envelopeTime":1841,"messageId":"<e8a1d47e-17df-ee92-91f4-51b33a4c8376@gmail.com>","messageSize":369,"messageTime":1179,"rejected":[],"response":"250 2.0.0 OK  1646807419 t24-20020a056a00139800b004f7586bc170sm1047583pfg.95 - gsmtp","timestamp":"2022-03-09T06:30:19.814Z"}
info: Server started at http://localhost:3000/api/v1/ {"timestamp":"2022-03-09T07:51:02.880Z"}
info: Connected to the database. {"timestamp":"2022-03-09T07:51:02.903Z"}
info: Server started at http://localhost:3000/api/v1/ {"timestamp":"2022-03-09T07:51:17.648Z"}
info: Connected to the database. {"timestamp":"2022-03-09T07:51:17.671Z"}
info: Server started at http://localhost:3000/api/v1/ {"timestamp":"2022-03-09T07:51:52.863Z"}
info: Connected to the database. {"timestamp":"2022-03-09T07:51:52.886Z"}
info: Server started at http://localhost:3000/api/v1/ {"timestamp":"2022-03-09T07:54:08.189Z"}
info: Connected to the database. {"timestamp":"2022-03-09T07:54:08.214Z"}
info: Server started at http://localhost:3000/api/v1/ {"timestamp":"2022-03-09T07:55:53.131Z"}
info: Connected to the database. {"timestamp":"2022-03-09T07:55:53.161Z"}
info: Server started at http://localhost:3000/api/v1/ {"timestamp":"2022-03-09T07:56:50.097Z"}
info: Connected to the database. {"timestamp":"2022-03-09T07:56:50.121Z"}
info: Server started at http://localhost:3000/api/v1/ {"timestamp":"2022-03-09T07:57:56.964Z"}
info: Connected to the database. {"timestamp":"2022-03-09T07:57:56.988Z"}
info: Server started at http://localhost:3000/api/v1/ {"timestamp":"2022-03-09T07:57:59.481Z"}
info: Connected to the database. {"timestamp":"2022-03-09T07:57:59.506Z"}
info: Server started at http://localhost:3000/api/v1/ {"timestamp":"2022-03-09T07:59:03.265Z"}
info: Connected to the database. {"timestamp":"2022-03-09T07:59:03.292Z"}
