info: Server started at http://localhost:3000/api/v1/ {"timestamp":"2022-03-17T10:58:41.499Z"}
error: Could not connect to the database. connect ECONNREFUSED 127.0.0.1:27017 {"reason":{"commonWireVersion":null,"compatibilityError":null,"compatible":true,"heartbeatFrequencyMS":10000,"localThresholdMS":15,"logicalSessionTimeoutMinutes":null,"maxElectionId":null,"maxSetVersion":null,"servers":{},"setName":null,"stale":false,"type":"Single"},"stack":"Error: \n    at new MongooseError (/home/dell/Desktop/nodeProjects/fundooBackend/node_modules/mongoose/lib/error/mongooseError.js:7:1)\n    at new MongooseServerSelectionError (/home/dell/Desktop/nodeProjects/fundooBackend/node_modules/mongoose/lib/error/serverSelection.js:26:1)\n    at NativeConnection.Connection.openUri (/home/dell/Desktop/nodeProjects/fundooBackend/node_modules/mongoose/lib/connection.js:847:32)\n    at /home/dell/Desktop/nodeProjects/fundooBackend/node_modules/mongoose/lib/index.js:351:10\n    at /home/dell/Desktop/nodeProjects/fundooBackend/node_modules/mongoose/lib/helpers/promiseOrCallback.js:32:5\n    at new Promise (<anonymous>)\n    at promiseOrCallback (/home/dell/Desktop/nodeProjects/fundooBackend/node_modules/mongoose/lib/helpers/promiseOrCallback.js:31:10)\n    at Mongoose._promiseOrCallback (/home/dell/Desktop/nodeProjects/fundooBackend/node_modules/mongoose/lib/index.js:1149:10)","timestamp":"2022-03-17T10:59:11.499Z"}
info: Server started at http://localhost:3000/api/v1/ {"timestamp":"2022-03-17T11:01:06.107Z"}
info: Connected to the database. {"timestamp":"2022-03-17T11:01:06.137Z"}
error: 
    status - 500 
    message - TypeError: Cannot read property 'id' of undefined
    at _callee$ (/home/dell/Desktop/nodeProjects/fundooBackend/src/controllers/note.controller.js:14:37)
    at tryCatch (/home/dell/Desktop/nodeProjects/fundooBackend/node_modules/regenerator-runtime/runtime.js:63:40)
    at Generator.invoke [as _invoke] (/home/dell/Desktop/nodeProjects/fundooBackend/node_modules/regenerator-runtime/runtime.js:294:22)
    at Generator.next (/home/dell/Desktop/nodeProjects/fundooBackend/node_modules/regenerator-runtime/runtime.js:119:21)
    at asyncGeneratorStep (/home/dell/Desktop/nodeProjects/fundooBackend/node_modules/@babel/runtime/helpers/asyncToGenerator.js:3:24)
    at _next (/home/dell/Desktop/nodeProjects/fundooBackend/node_modules/@babel/runtime/helpers/asyncToGenerator.js:25:9)
    at /home/dell/Desktop/nodeProjects/fundooBackend/node_modules/@babel/runtime/helpers/asyncToGenerator.js:32:7
    at new Promise (<anonymous>)
    at /home/dell/Desktop/nodeProjects/fundooBackend/node_modules/@babel/runtime/helpers/asyncToGenerator.js:21:12
    at addNote (/home/dell/Desktop/nodeProjects/fundooBackend/src/controllers/note.controller.js:11:21) 
    url - /api/v1/notes/addnote 
    method - POST 
    IP - ::1
   {"timestamp":"2022-03-17T11:35:07.354Z"}
info: Server started at http://localhost:3000/api/v1/ {"timestamp":"2022-03-17T11:35:43.868Z"}
info: Connected to the database. {"timestamp":"2022-03-17T11:35:43.892Z"}
info: Server started at http://localhost:3000/api/v1/ {"timestamp":"2022-03-17T11:36:04.867Z"}
info: Connected to the database. {"timestamp":"2022-03-17T11:36:04.894Z"}
error: 
    status - 500 
    message - TypeError: Cannot read property 'id' of undefined
    at _callee$ (/home/dell/Desktop/nodeProjects/fundooBackend/src/controllers/note.controller.js:14:37)
    at tryCatch (/home/dell/Desktop/nodeProjects/fundooBackend/node_modules/regenerator-runtime/runtime.js:63:40)
    at Generator.invoke [as _invoke] (/home/dell/Desktop/nodeProjects/fundooBackend/node_modules/regenerator-runtime/runtime.js:294:22)
    at Generator.next (/home/dell/Desktop/nodeProjects/fundooBackend/node_modules/regenerator-runtime/runtime.js:119:21)
    at asyncGeneratorStep (/home/dell/Desktop/nodeProjects/fundooBackend/node_modules/@babel/runtime/helpers/asyncToGenerator.js:3:24)
    at _next (/home/dell/Desktop/nodeProjects/fundooBackend/node_modules/@babel/runtime/helpers/asyncToGenerator.js:25:9)
    at /home/dell/Desktop/nodeProjects/fundooBackend/node_modules/@babel/runtime/helpers/asyncToGenerator.js:32:7
    at new Promise (<anonymous>)
    at /home/dell/Desktop/nodeProjects/fundooBackend/node_modules/@babel/runtime/helpers/asyncToGenerator.js:21:12
    at addNote (/home/dell/Desktop/nodeProjects/fundooBackend/src/controllers/note.controller.js:11:21) 
    url - /api/v1/notes/addnote 
    method - POST 
    IP - ::1
   {"timestamp":"2022-03-17T11:36:08.864Z"}
error: 
    status - 500 
    message - TypeError: Cannot read property 'id' of undefined
    at _callee$ (/home/dell/Desktop/nodeProjects/fundooBackend/src/controllers/note.controller.js:14:37)
    at tryCatch (/home/dell/Desktop/nodeProjects/fundooBackend/node_modules/regenerator-runtime/runtime.js:63:40)
    at Generator.invoke [as _invoke] (/home/dell/Desktop/nodeProjects/fundooBackend/node_modules/regenerator-runtime/runtime.js:294:22)
    at Generator.next (/home/dell/Desktop/nodeProjects/fundooBackend/node_modules/regenerator-runtime/runtime.js:119:21)
    at asyncGeneratorStep (/home/dell/Desktop/nodeProjects/fundooBackend/node_modules/@babel/runtime/helpers/asyncToGenerator.js:3:24)
    at _next (/home/dell/Desktop/nodeProjects/fundooBackend/node_modules/@babel/runtime/helpers/asyncToGenerator.js:25:9)
    at /home/dell/Desktop/nodeProjects/fundooBackend/node_modules/@babel/runtime/helpers/asyncToGenerator.js:32:7
    at new Promise (<anonymous>)
    at /home/dell/Desktop/nodeProjects/fundooBackend/node_modules/@babel/runtime/helpers/asyncToGenerator.js:21:12
    at addNote (/home/dell/Desktop/nodeProjects/fundooBackend/src/controllers/note.controller.js:11:21) 
    url - /api/v1/notes/addnote 
    method - POST 
    IP - ::1
   {"timestamp":"2022-03-17T11:36:10.101Z"}
error: 
    status - 500 
    message - TypeError: Cannot read property 'id' of undefined
    at _callee$ (/home/dell/Desktop/nodeProjects/fundooBackend/src/controllers/note.controller.js:14:37)
    at tryCatch (/home/dell/Desktop/nodeProjects/fundooBackend/node_modules/regenerator-runtime/runtime.js:63:40)
    at Generator.invoke [as _invoke] (/home/dell/Desktop/nodeProjects/fundooBackend/node_modules/regenerator-runtime/runtime.js:294:22)
    at Generator.next (/home/dell/Desktop/nodeProjects/fundooBackend/node_modules/regenerator-runtime/runtime.js:119:21)
    at asyncGeneratorStep (/home/dell/Desktop/nodeProjects/fundooBackend/node_modules/@babel/runtime/helpers/asyncToGenerator.js:3:24)
    at _next (/home/dell/Desktop/nodeProjects/fundooBackend/node_modules/@babel/runtime/helpers/asyncToGenerator.js:25:9)
    at /home/dell/Desktop/nodeProjects/fundooBackend/node_modules/@babel/runtime/helpers/asyncToGenerator.js:32:7
    at new Promise (<anonymous>)
    at /home/dell/Desktop/nodeProjects/fundooBackend/node_modules/@babel/runtime/helpers/asyncToGenerator.js:21:12
    at addNote (/home/dell/Desktop/nodeProjects/fundooBackend/src/controllers/note.controller.js:11:21) 
    url - /api/v1/notes/addnote 
    method - POST 
    IP - ::1
   {"timestamp":"2022-03-17T11:36:10.908Z"}
error: 
    status - 500 
    message - TypeError: Cannot read property 'id' of undefined
    at _callee$ (/home/dell/Desktop/nodeProjects/fundooBackend/src/controllers/note.controller.js:14:37)
    at tryCatch (/home/dell/Desktop/nodeProjects/fundooBackend/node_modules/regenerator-runtime/runtime.js:63:40)
    at Generator.invoke [as _invoke] (/home/dell/Desktop/nodeProjects/fundooBackend/node_modules/regenerator-runtime/runtime.js:294:22)
    at Generator.next (/home/dell/Desktop/nodeProjects/fundooBackend/node_modules/regenerator-runtime/runtime.js:119:21)
    at asyncGeneratorStep (/home/dell/Desktop/nodeProjects/fundooBackend/node_modules/@babel/runtime/helpers/asyncToGenerator.js:3:24)
    at _next (/home/dell/Desktop/nodeProjects/fundooBackend/node_modules/@babel/runtime/helpers/asyncToGenerator.js:25:9)
    at /home/dell/Desktop/nodeProjects/fundooBackend/node_modules/@babel/runtime/helpers/asyncToGenerator.js:32:7
    at new Promise (<anonymous>)
    at /home/dell/Desktop/nodeProjects/fundooBackend/node_modules/@babel/runtime/helpers/asyncToGenerator.js:21:12
    at addNote (/home/dell/Desktop/nodeProjects/fundooBackend/src/controllers/note.controller.js:11:21) 
    url - /api/v1/notes/addnote 
    method - POST 
    IP - ::1
   {"timestamp":"2022-03-17T11:36:54.929Z"}
info: Server started at http://localhost:3000/api/v1/ {"timestamp":"2022-03-17T13:03:32.696Z"}
info: Connected to the database. {"timestamp":"2022-03-17T13:03:32.727Z"}
